<?xml version="1.0" encoding="UTF-8"?>
<testng-results skipped="0" failed="0" total="2" passed="2">
  <reporter-output>
  </reporter-output>
  <suite name="Default suite" duration-ms="9401" started-at="2016-09-23T15:29:34Z" finished-at="2016-09-23T15:29:44Z">
    <groups>
    </groups>
    <test name="Default test" duration-ms="9401" started-at="2016-09-23T15:29:34Z" finished-at="2016-09-23T15:29:44Z">
      <class name="com.dadfha.lod.csv.testng.SchemaProcessorTest">
        <test-method status="PASS" signature="beforeMethod()[pri:0, instance:com.dadfha.lod.csv.testng.SchemaProcessorTest@1b604f19]" name="beforeMethod" is-config="true" duration-ms="72" started-at="2016-09-24T00:29:34Z" finished-at="2016-09-24T00:29:34Z">
          <reporter-output>
          </reporter-output>
        </test-method> <!-- beforeMethod -->
        <test-method status="PASS" signature="airP()[pri:0, instance:com.dadfha.lod.csv.testng.SchemaProcessorTest@1b604f19]" name="airP" duration-ms="7500" started-at="2016-09-24T00:29:34Z" finished-at="2016-09-24T00:29:42Z">
          <reporter-output>
          </reporter-output>
        </test-method> <!-- airP -->
        <test-method status="PASS" signature="beforeMethod()[pri:0, instance:com.dadfha.lod.csv.testng.SchemaProcessorTest@1b604f19]" name="beforeMethod" is-config="true" duration-ms="0" started-at="2016-09-24T00:29:42Z" finished-at="2016-09-24T00:29:42Z">
          <reporter-output>
          </reporter-output>
        </test-method> <!-- beforeMethod -->
        <test-method status="PASS" signature="ukTelecom()[pri:0, instance:com.dadfha.lod.csv.testng.SchemaProcessorTest@1b604f19]" name="ukTelecom" duration-ms="1772" started-at="2016-09-24T00:29:42Z" finished-at="2016-09-24T00:29:44Z">
          <reporter-output>
          </reporter-output>
        </test-method> <!-- ukTelecom -->
      </class> <!-- com.dadfha.lod.csv.testng.SchemaProcessorTest -->
    </test> <!-- Default test -->
  </suite> <!-- Default suite -->
</testng-results>
